2025-12-04 15:04:31,027 - flowmatching_pipeline - INFO - Starting flow matching pipeline
2025-12-04 15:04:31,027 - flowmatching_pipeline - INFO - Run directory: runs/flowmatching/20251204_150431
2025-12-04 15:04:31,027 - flowmatching_pipeline - INFO - Configuration saved
2025-12-04 15:04:31,043 - flowmatching_pipeline - INFO - Using device: cuda
2025-12-04 15:04:31,043 - flowmatching_pipeline - INFO - Creating data loaders...
2025-12-04 15:04:46,638 - flowmatching_pipeline - INFO - Train samples: 181613
2025-12-04 15:04:46,638 - flowmatching_pipeline - INFO - Val samples: 1024
2025-12-04 15:04:46,639 - flowmatching_pipeline - INFO - Test samples: 19962
2025-12-04 15:04:46,639 - flowmatching_pipeline - INFO - ================================================================================
2025-12-04 15:04:46,639 - flowmatching_pipeline - INFO - TRAINING PHASE
2025-12-04 15:04:46,639 - flowmatching_pipeline - INFO - ================================================================================
2025-12-04 15:04:46,639 - flowmatching_pipeline - INFO - Initializing model...
2025-12-04 15:04:46,695 - flowmatching_pipeline - INFO - Model parameters: 29,495,173
2025-12-04 15:04:46,696 - flowmatching_pipeline - INFO - Model size: 112.55 MB
2025-12-04 15:04:46,796 - flowmatching_pipeline - INFO - Starting training for 100 epochs...
2025-12-04 23:06:53,434 - flowmatching_pipeline - INFO - Generating learning curves...
2025-12-04 23:06:53,611 - flowmatching_pipeline - INFO - Organizing checkpoints...
2025-12-04 23:06:53,646 - flowmatching_pipeline - INFO - Copied best checkpoint to best.ckpt
2025-12-04 23:06:53,682 - flowmatching_pipeline - INFO - Copied latest checkpoint to last.ckpt
2025-12-04 23:06:53,682 - flowmatching_pipeline - INFO - ================================================================================
2025-12-04 23:06:53,682 - flowmatching_pipeline - INFO - EVALUATION PHASE
2025-12-04 23:06:53,682 - flowmatching_pipeline - INFO - ================================================================================
2025-12-04 23:06:53,682 - flowmatching_pipeline - INFO - Loading best model...
2025-12-04 23:06:53,806 - flowmatching_pipeline - INFO - Evaluating on 1024 samples...
2025-12-04 23:07:40,975 - flowmatching_pipeline - INFO - Evaluation Results:
2025-12-04 23:07:40,975 - flowmatching_pipeline - INFO -   Evaluated samples: 1024
2025-12-04 23:07:40,975 - flowmatching_pipeline - INFO -   PSNR: 18.44 dB
2025-12-04 23:07:40,975 - flowmatching_pipeline - INFO -   SSIM: 0.5411
2025-12-04 23:07:40,975 - flowmatching_pipeline - INFO -   MAE: 0.148027
2025-12-04 23:07:40,975 - flowmatching_pipeline - INFO - Generating example triptychs...
2025-12-04 23:07:40,976 - flowmatching_pipeline - INFO - Generating 8 example triptychs...
2025-12-04 23:08:04,012 - flowmatching_pipeline - INFO - Saved 8 triptychs to runs/flowmatching/20251204_150431/examples
2025-12-04 23:08:04,013 - flowmatching_pipeline - INFO - ================================================================================
2025-12-04 23:08:04,013 - flowmatching_pipeline - INFO - PIPELINE COMPLETED
2025-12-04 23:08:04,013 - flowmatching_pipeline - INFO - ================================================================================
2025-12-04 23:08:04,013 - flowmatching_pipeline - INFO - Results saved to: runs/flowmatching/20251204_150431
2025-12-04 23:08:04,013 - flowmatching_pipeline - INFO -   - eval_results.json
2025-12-04 23:08:04,013 - flowmatching_pipeline - INFO -   - config_snapshot.json
2025-12-04 23:08:04,013 - flowmatching_pipeline - INFO -   - training.log
2025-12-04 23:08:04,013 - flowmatching_pipeline - INFO -   - learning_curves.png
2025-12-04 23:08:04,013 - flowmatching_pipeline - INFO -   - checkpoints/best.ckpt
2025-12-04 23:08:04,013 - flowmatching_pipeline - INFO -   - checkpoints/last.ckpt
2025-12-04 23:08:04,013 - flowmatching_pipeline - INFO -   - examples/ (8 triptychs)
